Using pre-set license
Built from '2021.1/staging' branch; Version is '2021.1.7f1 (d91830b65d9b) revision 14227504'; Using compiler version '192528614'; Build Type 'Release'
OS: 'Windows 10 Education; OS build 19043.1165; Version 2009; 64bit' Language: 'en' Physical Memory: 16247 MB
BatchMode: 1, IsHumanControllingUs: 0, StartBugReporterOnCrash: 0, Is64bit: 1, IsPro: 0

 COMMAND LINE ARGUMENTS:
C:\Program Files\Unity 2021.1.7f1\Editor\Unity.exe
-adb2
-batchMode
-noUpm
-name
AssetImportWorker0
-projectPath
C:/Users/hh.5q/Documents/GitHub/Nexus-RPG/Nexus
-logFile
Logs/AssetImportWorker0.log
-srvPort
58027
Successfully changed project path to: C:/Users/hh.5q/Documents/GitHub/Nexus-RPG/Nexus
C:/Users/hh.5q/Documents/GitHub/Nexus-RPG/Nexus
Using Asset Import Pipeline V2.
Refreshing native plugins compatible for Editor in 76.37 ms, found 1 plugins.
Preloading 0 native plugins for Editor in 0.00 ms.
Initialize engine version: 2021.1.7f1 (d91830b65d9b)
[Subsystems] Discovering subsystems at path C:/Program Files/Unity 2021.1.7f1/Editor/Data/Resources/UnitySubsystems
[Subsystems] Discovering subsystems at path C:/Users/hh.5q/Documents/GitHub/Nexus-RPG/Nexus/Assets
GfxDevice: creating device client; threaded=0; jobified=0
Direct3D:
    Version:  Direct3D 11.0 [level 11.1]
    Renderer: AMD Radeon R7 450 (ID=0x682b)
    Vendor:   ATI
    VRAM:     4076 MB
    Driver:   24.20.11020.3002
Initialize mono
Mono path[0] = 'C:/Program Files/Unity 2021.1.7f1/Editor/Data/Managed'
Mono path[1] = 'C:/Program Files/Unity 2021.1.7f1/Editor/Data/MonoBleedingEdge/lib/mono/unityjit'
Mono config path = 'C:/Program Files/Unity 2021.1.7f1/Editor/Data/MonoBleedingEdge/etc'
Using monoOptions --debugger-agent=transport=dt_socket,embedding=1,server=y,suspend=n,address=127.0.0.1:56528
Begin MonoManager ReloadAssembly
Registering precompiled unity dll's ...
Register platform support module: C:/Program Files/Unity 2021.1.7f1/Editor/Data/PlaybackEngines/WebGLSupport/UnityEditor.WebGL.Extensions.dll
Register platform support module: C:/Program Files/Unity 2021.1.7f1/Editor/Data/PlaybackEngines/WindowsStandaloneSupport/UnityEditor.WindowsStandalone.Extensions.dll
Registered in 0.001652 seconds.
Native extension for WindowsStandalone target not found
Native extension for WebGL target not found
Refreshing native plugins compatible for Editor in 77.88 ms, found 1 plugins.
Preloading 0 native plugins for Editor in 0.00 ms.
Mono: successfully reloaded assembly
- Completed reload, in  1.152 seconds
Platform modules already initialized, skipping
Registering precompiled user dll's ...
Registered in 0.002178 seconds.
Begin MonoManager ReloadAssembly
Symbol file LoadedFromMemory doesn't match image C:\Users\hh.5q\Documents\GitHub\Nexus-RPG\Nexus\Library\PackageCache\com.unity.visualscripting@1.6.1\Editor\VisualScripting.Core\Dependencies\YamlDotNet\Unity.VisualScripting.YamlDotNet.dll
Symbol file LoadedFromMemory doesn't match image C:\Users\hh.5q\Documents\GitHub\Nexus-RPG\Nexus\Library\PackageCache\com.unity.visualscripting@1.6.1\Editor\VisualScripting.Core\Dependencies\DotNetZip\Unity.VisualScripting.IonicZip.dll
Native extension for WindowsStandalone target not found
Native extension for WebGL target not found
Refreshing native plugins compatible for Editor in 0.58 ms, found 1 plugins.
Preloading 0 native plugins for Editor in 0.00 ms.
Mono: successfully reloaded assembly
- Completed reload, in  1.056 seconds
Platform modules already initialized, skipping
========================================================================
Worker process is ready to serve import requests
Launched and connected shader compiler UnityShaderCompiler.exe after 0.04 seconds
Refreshing native plugins compatible for Editor in 0.54 ms, found 1 plugins.
Preloading 0 native plugins for Editor in 0.00 ms.
Unloading 2892 Unused Serialized files (Serialized files now loaded: 0)
System memory in use before: 116.4 MB.
System memory in use after: 116.6 MB.

Unloading 14 unused Assets to reduce memory usage. Loaded Objects now: 3349.
Total: 1.833600 ms (FindLiveObjects: 0.205700 ms CreateObjectMapping: 0.123600 ms MarkObjects: 1.436700 ms  DeleteObjects: 0.066900 ms)

========================================================================
Received Import Request.
  path: Assets/LowPolyDungeons/Scenes/LowPolyDungeons_Demo.unity
  artifactKey: Guid(4493b8fca21333f42b8e092ad7866f86) Importer(815301076,1909f56bfc062723c751e8b465ee728b)
Start importing Assets/LowPolyDungeons/Scenes/LowPolyDungeons_Demo.unity using Guid(4493b8fca21333f42b8e092ad7866f86) Importer(815301076,1909f56bfc062723c751e8b465ee728b)  -> (artifact id: '849f5e018f059125a92ce9f708284efb') in 0.009135 seconds 
========================================================================
Received Import Request.
  Time since last request: 86.598813 seconds.
  path: Assets/Scenes/SampleScene.unity
  artifactKey: Guid(9fc0d4010bbf28b4594072e72b8655ab) Importer(815301076,1909f56bfc062723c751e8b465ee728b)
Start importing Assets/Scenes/SampleScene.unity using Guid(9fc0d4010bbf28b4594072e72b8655ab) Importer(815301076,1909f56bfc062723c751e8b465ee728b)  -> (artifact id: '37111a34cead6371a515445c6c3940a0') in 0.001969 seconds 
========================================================================
Received Import Request.
  Time since last request: 4.383361 seconds.
  path: Assets/Scenes/Environment/Main.unity
  artifactKey: Guid(93f3bc3a6fb0a6d42ac99d6f4d15642c) Importer(815301076,1909f56bfc062723c751e8b465ee728b)
Start importing Assets/Scenes/Environment/Main.unity using Guid(93f3bc3a6fb0a6d42ac99d6f4d15642c) Importer(815301076,1909f56bfc062723c751e8b465ee728b)  -> (artifact id: 'd8cc3863a5f71e0c7a4efcaf9cfb797d') in 0.002135 seconds 
========================================================================
Received Prepare
Registering precompiled user dll's ...
Registered in 0.002344 seconds.
Begin MonoManager ReloadAssembly
Symbol file LoadedFromMemory doesn't match image C:\Users\hh.5q\Documents\GitHub\Nexus-RPG\Nexus\Library\PackageCache\com.unity.visualscripting@1.6.1\Editor\VisualScripting.Core\Dependencies\YamlDotNet\Unity.VisualScripting.YamlDotNet.dll
Symbol file LoadedFromMemory doesn't match image C:\Users\hh.5q\Documents\GitHub\Nexus-RPG\Nexus\Library\PackageCache\com.unity.visualscripting@1.6.1\Editor\VisualScripting.Core\Dependencies\DotNetZip\Unity.VisualScripting.IonicZip.dll
Native extension for WindowsStandalone target not found
Native extension for WebGL target not found
Refreshing native plugins compatible for Editor in 0.60 ms, found 1 plugins.
Preloading 0 native plugins for Editor in 0.00 ms.
Mono: successfully reloaded assembly
- Completed reload, in  0.786 seconds
Platform modules already initialized, skipping
Refreshing native plugins compatible for Editor in 0.55 ms, found 1 plugins.
Preloading 0 native plugins for Editor in 0.00 ms.
Unloading 2836 Unused Serialized files (Serialized files now loaded: 0)
System memory in use before: 111.3 MB.
System memory in use after: 111.5 MB.

Unloading 9 unused Assets to reduce memory usage. Loaded Objects now: 3352.
Total: 1.976600 ms (FindLiveObjects: 0.213500 ms CreateObjectMapping: 0.144200 ms MarkObjects: 1.570700 ms  DeleteObjects: 0.047200 ms)

========================================================================
Received Import Request.
  Time since last request: 1978.201015 seconds.
  path: Assets/Scripts/Interactable.cs
  artifactKey: Guid(8ca3cfa62ee9ec749b93e881018ce1d0) Importer(815301076,1909f56bfc062723c751e8b465ee728b)
Start importing Assets/Scripts/Interactable.cs using Guid(8ca3cfa62ee9ec749b93e881018ce1d0) Importer(815301076,1909f56bfc062723c751e8b465ee728b)  -> (artifact id: '7a76ab54795a4484419394cdb3583bbb') in 0.447044 seconds 
========================================================================
Received Import Request.
  Time since last request: 231.569490 seconds.
  path: Assets/Scripts/FPSControllerrScript.cs
  artifactKey: Guid(b2eb04bd2a91bea40a1cca213f260078) Importer(815301076,1909f56bfc062723c751e8b465ee728b)
Start importing Assets/Scripts/FPSControllerrScript.cs using Guid(b2eb04bd2a91bea40a1cca213f260078) Importer(815301076,1909f56bfc062723c751e8b465ee728b)  -> (artifact id: 'f8433373f0a515018496196465ae4df2') in 0.002510 seconds 
========================================================================
Received Prepare
Registering precompiled user dll's ...
Registered in 0.002307 seconds.
Begin MonoManager ReloadAssembly
Symbol file LoadedFromMemory doesn't match image C:\Users\hh.5q\Documents\GitHub\Nexus-RPG\Nexus\Library\PackageCache\com.unity.visualscripting@1.6.1\Editor\VisualScripting.Core\Dependencies\YamlDotNet\Unity.VisualScripting.YamlDotNet.dll
Symbol file LoadedFromMemory doesn't match image C:\Users\hh.5q\Documents\GitHub\Nexus-RPG\Nexus\Library\PackageCache\com.unity.visualscripting@1.6.1\Editor\VisualScripting.Core\Dependencies\DotNetZip\Unity.VisualScripting.IonicZip.dll
Native extension for WindowsStandalone target not found
Native extension for WebGL target not found
Refreshing native plugins compatible for Editor in 0.59 ms, found 1 plugins.
Preloading 0 native plugins for Editor in 0.00 ms.
Mono: successfully reloaded assembly
- Completed reload, in  0.855 seconds
Platform modules already initialized, skipping
Refreshing native plugins compatible for Editor in 0.54 ms, found 1 plugins.
Preloading 0 native plugins for Editor in 0.00 ms.
Unloading 2836 Unused Serialized files (Serialized files now loaded: 0)
System memory in use before: 111.4 MB.
System memory in use after: 111.6 MB.

Unloading 9 unused Assets to reduce memory usage. Loaded Objects now: 3355.
Total: 1.794100 ms (FindLiveObjects: 0.210500 ms CreateObjectMapping: 0.146600 ms MarkObjects: 1.391600 ms  DeleteObjects: 0.044200 ms)

========================================================================
Received Prepare
Registering precompiled user dll's ...
Registered in 0.002321 seconds.
Begin MonoManager ReloadAssembly
Symbol file LoadedFromMemory doesn't match image C:\Users\hh.5q\Documents\GitHub\Nexus-RPG\Nexus\Library\PackageCache\com.unity.visualscripting@1.6.1\Editor\VisualScripting.Core\Dependencies\YamlDotNet\Unity.VisualScripting.YamlDotNet.dll
Symbol file LoadedFromMemory doesn't match image C:\Users\hh.5q\Documents\GitHub\Nexus-RPG\Nexus\Library\PackageCache\com.unity.visualscripting@1.6.1\Editor\VisualScripting.Core\Dependencies\DotNetZip\Unity.VisualScripting.IonicZip.dll
Native extension for WindowsStandalone target not found
Native extension for WebGL target not found
Refreshing native plugins compatible for Editor in 0.55 ms, found 1 plugins.
Preloading 0 native plugins for Editor in 0.00 ms.
Mono: successfully reloaded assembly
- Completed reload, in  0.800 seconds
Platform modules already initialized, skipping
Refreshing native plugins compatible for Editor in 0.54 ms, found 1 plugins.
Preloading 0 native plugins for Editor in 0.00 ms.
Unloading 2836 Unused Serialized files (Serialized files now loaded: 0)
System memory in use before: 111.4 MB.
System memory in use after: 111.6 MB.

Unloading 9 unused Assets to reduce memory usage. Loaded Objects now: 3358.
Total: 1.860200 ms (FindLiveObjects: 0.213700 ms CreateObjectMapping: 0.144600 ms MarkObjects: 1.459800 ms  DeleteObjects: 0.041400 ms)

========================================================================
Received Prepare
Registering precompiled user dll's ...
Registered in 0.002497 seconds.
Begin MonoManager ReloadAssembly
Symbol file LoadedFromMemory doesn't match image C:\Users\hh.5q\Documents\GitHub\Nexus-RPG\Nexus\Library\PackageCache\com.unity.visualscripting@1.6.1\Editor\VisualScripting.Core\Dependencies\YamlDotNet\Unity.VisualScripting.YamlDotNet.dll
Symbol file LoadedFromMemory doesn't match image C:\Users\hh.5q\Documents\GitHub\Nexus-RPG\Nexus\Library\PackageCache\com.unity.visualscripting@1.6.1\Editor\VisualScripting.Core\Dependencies\DotNetZip\Unity.VisualScripting.IonicZip.dll
Native extension for WindowsStandalone target not found
Native extension for WebGL target not found
Refreshing native plugins compatible for Editor in 0.54 ms, found 1 plugins.
Preloading 0 native plugins for Editor in 0.00 ms.
Mono: successfully reloaded assembly
- Completed reload, in  0.823 seconds
Platform modules already initialized, skipping
Refreshing native plugins compatible for Editor in 0.55 ms, found 1 plugins.
Preloading 0 native plugins for Editor in 0.00 ms.
Unloading 2836 Unused Serialized files (Serialized files now loaded: 0)
System memory in use before: 111.4 MB.
System memory in use after: 111.6 MB.

Unloading 9 unused Assets to reduce memory usage. Loaded Objects now: 3361.
Total: 1.777100 ms (FindLiveObjects: 0.210800 ms CreateObjectMapping: 0.133700 ms MarkObjects: 1.388100 ms  DeleteObjects: 0.043400 ms)

========================================================================
Received Prepare
Registering precompiled user dll's ...
Registered in 0.002406 seconds.
Begin MonoManager ReloadAssembly
Symbol file LoadedFromMemory doesn't match image C:\Users\hh.5q\Documents\GitHub\Nexus-RPG\Nexus\Library\PackageCache\com.unity.visualscripting@1.6.1\Editor\VisualScripting.Core\Dependencies\YamlDotNet\Unity.VisualScripting.YamlDotNet.dll
Symbol file LoadedFromMemory doesn't match image C:\Users\hh.5q\Documents\GitHub\Nexus-RPG\Nexus\Library\PackageCache\com.unity.visualscripting@1.6.1\Editor\VisualScripting.Core\Dependencies\DotNetZip\Unity.VisualScripting.IonicZip.dll
Native extension for WindowsStandalone target not found
Native extension for WebGL target not found
Refreshing native plugins compatible for Editor in 0.57 ms, found 1 plugins.
Preloading 0 native plugins for Editor in 0.00 ms.
Mono: successfully reloaded assembly
- Completed reload, in  0.778 seconds
Platform modules already initialized, skipping
Refreshing native plugins compatible for Editor in 0.55 ms, found 1 plugins.
Preloading 0 native plugins for Editor in 0.00 ms.
Unloading 2836 Unused Serialized files (Serialized files now loaded: 0)
System memory in use before: 111.4 MB.
System memory in use after: 111.6 MB.

Unloading 9 unused Assets to reduce memory usage. Loaded Objects now: 3364.
Total: 1.786700 ms (FindLiveObjects: 0.214700 ms CreateObjectMapping: 0.137800 ms MarkObjects: 1.390700 ms  DeleteObjects: 0.042400 ms)

========================================================================
Received Prepare
Registering precompiled user dll's ...
Registered in 0.002351 seconds.
Begin MonoManager ReloadAssembly
Symbol file LoadedFromMemory doesn't match image C:\Users\hh.5q\Documents\GitHub\Nexus-RPG\Nexus\Library\PackageCache\com.unity.visualscripting@1.6.1\Editor\VisualScripting.Core\Dependencies\YamlDotNet\Unity.VisualScripting.YamlDotNet.dll
Symbol file LoadedFromMemory doesn't match image C:\Users\hh.5q\Documents\GitHub\Nexus-RPG\Nexus\Library\PackageCache\com.unity.visualscripting@1.6.1\Editor\VisualScripting.Core\Dependencies\DotNetZip\Unity.VisualScripting.IonicZip.dll
Native extension for WindowsStandalone target not found
Native extension for WebGL target not found
Refreshing native plugins compatible for Editor in 0.58 ms, found 1 plugins.
Preloading 0 native plugins for Editor in 0.00 ms.
Mono: successfully reloaded assembly
- Completed reload, in  0.772 seconds
Platform modules already initialized, skipping
Refreshing native plugins compatible for Editor in 0.54 ms, found 1 plugins.
Preloading 0 native plugins for Editor in 0.00 ms.
Unloading 2836 Unused Serialized files (Serialized files now loaded: 0)
System memory in use before: 111.4 MB.
System memory in use after: 111.6 MB.

Unloading 9 unused Assets to reduce memory usage. Loaded Objects now: 3367.
Total: 1.836200 ms (FindLiveObjects: 0.212600 ms CreateObjectMapping: 0.131800 ms MarkObjects: 1.449000 ms  DeleteObjects: 0.042100 ms)

========================================================================
Received Prepare
Registering precompiled user dll's ...
Registered in 0.002376 seconds.
Begin MonoManager ReloadAssembly
Symbol file LoadedFromMemory doesn't match image C:\Users\hh.5q\Documents\GitHub\Nexus-RPG\Nexus\Library\PackageCache\com.unity.visualscripting@1.6.1\Editor\VisualScripting.Core\Dependencies\YamlDotNet\Unity.VisualScripting.YamlDotNet.dll
Symbol file LoadedFromMemory doesn't match image C:\Users\hh.5q\Documents\GitHub\Nexus-RPG\Nexus\Library\PackageCache\com.unity.visualscripting@1.6.1\Editor\VisualScripting.Core\Dependencies\DotNetZip\Unity.VisualScripting.IonicZip.dll
Native extension for WindowsStandalone target not found
Native extension for WebGL target not found
Refreshing native plugins compatible for Editor in 0.54 ms, found 1 plugins.
Preloading 0 native plugins for Editor in 0.00 ms.
Mono: successfully reloaded assembly
- Completed reload, in  0.799 seconds
Platform modules already initialized, skipping
Refreshing native plugins compatible for Editor in 0.56 ms, found 1 plugins.
Preloading 0 native plugins for Editor in 0.00 ms.
Unloading 2836 Unused Serialized files (Serialized files now loaded: 0)
System memory in use before: 111.4 MB.
System memory in use after: 111.6 MB.

Unloading 9 unused Assets to reduce memory usage. Loaded Objects now: 3370.
Total: 1.950000 ms (FindLiveObjects: 0.240900 ms CreateObjectMapping: 0.135000 ms MarkObjects: 1.525800 ms  DeleteObjects: 0.047500 ms)

========================================================================
Received Prepare
Registering precompiled user dll's ...
Registered in 0.002375 seconds.
Begin MonoManager ReloadAssembly
Symbol file LoadedFromMemory doesn't match image C:\Users\hh.5q\Documents\GitHub\Nexus-RPG\Nexus\Library\PackageCache\com.unity.visualscripting@1.6.1\Editor\VisualScripting.Core\Dependencies\YamlDotNet\Unity.VisualScripting.YamlDotNet.dll
Symbol file LoadedFromMemory doesn't match image C:\Users\hh.5q\Documents\GitHub\Nexus-RPG\Nexus\Library\PackageCache\com.unity.visualscripting@1.6.1\Editor\VisualScripting.Core\Dependencies\DotNetZip\Unity.VisualScripting.IonicZip.dll
Native extension for WindowsStandalone target not found
Native extension for WebGL target not found
Refreshing native plugins compatible for Editor in 0.54 ms, found 1 plugins.
Preloading 0 native plugins for Editor in 0.00 ms.
Mono: successfully reloaded assembly
- Completed reload, in  0.783 seconds
Platform modules already initialized, skipping
Refreshing native plugins compatible for Editor in 0.53 ms, found 1 plugins.
Preloading 0 native plugins for Editor in 0.00 ms.
Unloading 2836 Unused Serialized files (Serialized files now loaded: 0)
System memory in use before: 111.4 MB.
System memory in use after: 111.6 MB.

Unloading 9 unused Assets to reduce memory usage. Loaded Objects now: 3373.
Total: 1.777100 ms (FindLiveObjects: 0.216000 ms CreateObjectMapping: 0.143900 ms MarkObjects: 1.368500 ms  DeleteObjects: 0.047800 ms)

========================================================================
Received Prepare
Registering precompiled user dll's ...
Registered in 0.002326 seconds.
Begin MonoManager ReloadAssembly
Symbol file LoadedFromMemory doesn't match image C:\Users\hh.5q\Documents\GitHub\Nexus-RPG\Nexus\Library\PackageCache\com.unity.visualscripting@1.6.1\Editor\VisualScripting.Core\Dependencies\YamlDotNet\Unity.VisualScripting.YamlDotNet.dll
Symbol file LoadedFromMemory doesn't match image C:\Users\hh.5q\Documents\GitHub\Nexus-RPG\Nexus\Library\PackageCache\com.unity.visualscripting@1.6.1\Editor\VisualScripting.Core\Dependencies\DotNetZip\Unity.VisualScripting.IonicZip.dll
Native extension for WindowsStandalone target not found
Native extension for WebGL target not found
Refreshing native plugins compatible for Editor in 0.55 ms, found 1 plugins.
Preloading 0 native plugins for Editor in 0.00 ms.
Mono: successfully reloaded assembly
- Completed reload, in  0.766 seconds
Platform modules already initialized, skipping
Refreshing native plugins compatible for Editor in 0.54 ms, found 1 plugins.
Preloading 0 native plugins for Editor in 0.00 ms.
Unloading 2836 Unused Serialized files (Serialized files now loaded: 0)
System memory in use before: 111.4 MB.
System memory in use after: 111.6 MB.

Unloading 9 unused Assets to reduce memory usage. Loaded Objects now: 3376.
Total: 1.797100 ms (FindLiveObjects: 0.218700 ms CreateObjectMapping: 0.143500 ms MarkObjects: 1.391100 ms  DeleteObjects: 0.042700 ms)

========================================================================
Received Prepare
Registering precompiled user dll's ...
Registered in 0.002351 seconds.
Begin MonoManager ReloadAssembly
Symbol file LoadedFromMemory doesn't match image C:\Users\hh.5q\Documents\GitHub\Nexus-RPG\Nexus\Library\PackageCache\com.unity.visualscripting@1.6.1\Editor\VisualScripting.Core\Dependencies\YamlDotNet\Unity.VisualScripting.YamlDotNet.dll
Symbol file LoadedFromMemory doesn't match image C:\Users\hh.5q\Documents\GitHub\Nexus-RPG\Nexus\Library\PackageCache\com.unity.visualscripting@1.6.1\Editor\VisualScripting.Core\Dependencies\DotNetZip\Unity.VisualScripting.IonicZip.dll
Native extension for WindowsStandalone target not found
Native extension for WebGL target not found
Refreshing native plugins compatible for Editor in 0.54 ms, found 1 plugins.
Preloading 0 native plugins for Editor in 0.00 ms.
Mono: successfully reloaded assembly
- Completed reload, in  0.807 seconds
Platform modules already initialized, skipping
Refreshing native plugins compatible for Editor in 0.89 ms, found 1 plugins.
Preloading 0 native plugins for Editor in 0.00 ms.
Unloading 2836 Unused Serialized files (Serialized files now loaded: 0)
System memory in use before: 111.4 MB.
System memory in use after: 111.6 MB.

Unloading 9 unused Assets to reduce memory usage. Loaded Objects now: 3379.
Total: 2.054500 ms (FindLiveObjects: 0.230800 ms CreateObjectMapping: 0.162000 ms MarkObjects: 1.615400 ms  DeleteObjects: 0.045600 ms)

========================================================================
Received Prepare
Registering precompiled user dll's ...
Registered in 0.002351 seconds.
Begin MonoManager ReloadAssembly
Symbol file LoadedFromMemory doesn't match image C:\Users\hh.5q\Documents\GitHub\Nexus-RPG\Nexus\Library\PackageCache\com.unity.visualscripting@1.6.1\Editor\VisualScripting.Core\Dependencies\YamlDotNet\Unity.VisualScripting.YamlDotNet.dll
Symbol file LoadedFromMemory doesn't match image C:\Users\hh.5q\Documents\GitHub\Nexus-RPG\Nexus\Library\PackageCache\com.unity.visualscripting@1.6.1\Editor\VisualScripting.Core\Dependencies\DotNetZip\Unity.VisualScripting.IonicZip.dll
Native extension for WindowsStandalone target not found
Native extension for WebGL target not found
Refreshing native plugins compatible for Editor in 0.54 ms, found 1 plugins.
Preloading 0 native plugins for Editor in 0.00 ms.
Mono: successfully reloaded assembly
- Completed reload, in  0.785 seconds
Platform modules already initialized, skipping
Refreshing native plugins compatible for Editor in 0.54 ms, found 1 plugins.
Preloading 0 native plugins for Editor in 0.00 ms.
Unloading 2836 Unused Serialized files (Serialized files now loaded: 0)
System memory in use before: 111.4 MB.
System memory in use after: 111.6 MB.

Unloading 9 unused Assets to reduce memory usage. Loaded Objects now: 3382.
Total: 1.739800 ms (FindLiveObjects: 0.207700 ms CreateObjectMapping: 0.129900 ms MarkObjects: 1.356600 ms  DeleteObjects: 0.044700 ms)

========================================================================
Received Import Request.
  Time since last request: 1789.570706 seconds.
  path: Assets/Characters/New Folder
  artifactKey: Guid(f03337604a15cb549988b77b40309a2f) Importer(815301076,1909f56bfc062723c751e8b465ee728b)
Start importing Assets/Characters/New Folder using Guid(f03337604a15cb549988b77b40309a2f) Importer(815301076,1909f56bfc062723c751e8b465ee728b)  -> (artifact id: '6faaa481047719f250bebe60499f4894') in 0.007363 seconds 
========================================================================
Received Import Request.
  Time since last request: 47.426865 seconds.
  path: Assets/Characters/Player.blend
  artifactKey: Guid(73be9633513854604baae3aa06041436) Importer(815301076,1909f56bfc062723c751e8b465ee728b)
Start importing Assets/Characters/Player.blend using Guid(73be9633513854604baae3aa06041436) Importer(815301076,1909f56bfc062723c751e8b465ee728b)  -> (artifact id: 'f3a075aaa988f63faddee44caaddfaa6') in 0.153956 seconds 
========================================================================
Received Import Request.
  Time since last request: 182.988513 seconds.
  path: Assets/Characters/Player.blend
  artifactKey: Guid(73be9633513854604baae3aa06041436) Importer(815301076,1909f56bfc062723c751e8b465ee728b)
Start importing Assets/Characters/Player.blend using Guid(73be9633513854604baae3aa06041436) Importer(815301076,1909f56bfc062723c751e8b465ee728b)  -> (artifact id: '2b4c2c78fe5bccda082571c8a8f460ba') in 0.037622 seconds 
========================================================================
Received Import Request.
  Time since last request: 244.896753 seconds.
  path: Assets/Characters/Player.blend
  artifactKey: Guid(73be9633513854604baae3aa06041436) Importer(815301076,1909f56bfc062723c751e8b465ee728b)
Start importing Assets/Characters/Player.blend using Guid(73be9633513854604baae3aa06041436) Importer(815301076,1909f56bfc062723c751e8b465ee728b)  -> (artifact id: '11cf259aaa32fc0e11661d07dd34117b') in 0.049304 seconds 
========================================================================
Received Import Request.
  Time since last request: 26.874948 seconds.
  path: Assets/Characters/New Animator Controller.controller
  artifactKey: Guid(a7e61ba679bf1ed46923fe34efa46cd3) Importer(815301076,1909f56bfc062723c751e8b465ee728b)
Start importing Assets/Characters/New Animator Controller.controller using Guid(a7e61ba679bf1ed46923fe34efa46cd3) Importer(815301076,1909f56bfc062723c751e8b465ee728b)  -> (artifact id: 'bb67e75b6f44ac99b1d08bc13bc1e26d') in 0.006392 seconds 
========================================================================
Received Import Request.
  Time since last request: 11.486767 seconds.
  path: Assets/Characters/Player Animation.controller
  artifactKey: Guid(a7e61ba679bf1ed46923fe34efa46cd3) Importer(815301076,1909f56bfc062723c751e8b465ee728b)
Start importing Assets/Characters/Player Animation.controller using Guid(a7e61ba679bf1ed46923fe34efa46cd3) Importer(815301076,1909f56bfc062723c751e8b465ee728b)  -> (artifact id: 'ec6c5e7dda4f97d3e8b97e38129bd995') in 0.002527 seconds 
AssetImportWorkerClient::OnTransportError - code=2 error=End of file
